# JRE version: OpenJDK Runtime Environment Zulu15.46+17-CA (15.0.10+5) (build 15.0.10+5-MTS)
# Java VM: OpenJDK 64-Bit Server VM Zulu15.46+17-CA (15.0.10+5-MTS, mixed mode, tiered, compressed oops, g1 gc, bsd-aarch64)
GC Precious Log:
 CPUs: 8 total, 8 available
 Memory: 8192M
 Large Page Support: Disabled
 NUMA Support: Disabled
 Compressed Oops: Enabled (Zero based)
 Heap Region Size: 1M
 Heap Min Capacity: 8M
 Heap Initial Capacity: 128M
 Heap Max Capacity: 1G
 Pre-touch: Disabled
 Parallel Workers: 8
 Concurrent Workers: 2
 Concurrent Refinement Workers: 8
 Periodic GC: Disabled
Heap:
 garbage-first heap   total 266240K, used 78854K [0x0000000780000000, 0x00000007c0000000)
  region size 1024K, 1 young (1024K), 0 survivors (0K)
 Metaspace       used 16639K, capacity 16954K, committed 17152K, reserved 1064960K
  class space    used 2104K, capacity 2229K, committed 2304K, reserved 1048576K
GC Heap History (20 events):
Event: 254.245 GC heap before
{Heap before GC invocations=113 (full 38):
 garbage-first heap   total 266240K, used 78854K [0x0000000780000000, 0x00000007c0000000)
  region size 1024K, 1 young (1024K), 0 survivors (0K)
 Metaspace       used 16639K, capacity 16954K, committed 17152K, reserved 1064960K
  class space    used 2104K, capacity 2229K, committed 2304K, reserved 1048576K
}
Event: 254.285 GC heap after
{Heap after GC invocations=114 (full 39):
 garbage-first heap   total 266240K, used 78854K [0x0000000780000000, 0x00000007c0000000)
  region size 1024K, 0 young (0K), 0 survivors (0K)
 Metaspace       used 16639K, capacity 16954K, committed 17152K, reserved 1064960K
  class space    used 2104K, capacity 2229K, committed 2304K, reserved 1048576K
}
Event: 254.364 GC heap before
{Heap before GC invocations=114 (full 39):
 garbage-first heap   total 266240K, used 78854K [0x0000000780000000, 0x00000007c0000000)
  region size 1024K, 1 young (1024K), 0 survivors (0K)
 Metaspace       used 16639K, capacity 16954K, committed 17152K, reserved 1064960K
  class space    used 2104K, capacity 2229K, committed 2304K, reserved 1048576K
}
Event: 254.397 GC heap after
{Heap after GC invocations=115 (full 40):
 garbage-first heap   total 266240K, used 78854K [0x0000000780000000, 0x00000007c0000000)
  region size 1024K, 0 young (0K), 0 survivors (0K)
 Metaspace       used 16639K, capacity 16954K, committed 17152K, reserved 1064960K
  class space    used 2104K, capacity 2229K, committed 2304K, reserved 1048576K
}
Event: 336.015 GC heap before
{Heap before GC invocations=115 (full 40):
 garbage-first heap   total 266240K, used 78854K [0x0000000780000000, 0x00000007c0000000)
  region size 1024K, 1 young (1024K), 0 survivors (0K)
 Metaspace       used 16639K, capacity 16954K, committed 17152K, reserved 1064960K
  class space    used 2104K, capacity 2229K, committed 2304K, reserved 1048576K
}
Event: 336.058 GC heap after
{Heap after GC invocations=116 (full 41):
 garbage-first heap   total 266240K, used 78854K [0x0000000780000000, 0x00000007c0000000)
  region size 1024K, 0 young (0K), 0 survivors (0K)
 Metaspace       used 16639K, capacity 16954K, committed 17152K, reserved 1064960K
  class space    used 2104K, capacity 2229K, committed 2304K, reserved 1048576K
}
Event: 336.059 GC heap before
{Heap before GC invocations=116 (full 41):
 garbage-first heap   total 266240K, used 78854K [0x0000000780000000, 0x00000007c0000000)
  region size 1024K, 1 young (1024K), 0 survivors (0K)
 Metaspace       used 16639K, capacity 16954K, committed 17152K, reserved 1064960K
  class space    used 2104K, capacity 2229K, committed 2304K, reserved 1048576K
}
Event: 336.093 GC heap after
{Heap after GC invocations=117 (full 42):
 garbage-first heap   total 266240K, used 78854K [0x0000000780000000, 0x00000007c0000000)
  region size 1024K, 0 young (0K), 0 survivors (0K)
 Metaspace       used 16639K, capacity 16954K, committed 17152K, reserved 1064960K
  class space    used 2104K, capacity 2229K, committed 2304K, reserved 1048576K
}
Event: 409.424 GC heap before
{Heap before GC invocations=117 (full 42):
 garbage-first heap   total 266240K, used 78854K [0x0000000780000000, 0x00000007c0000000)
  region size 1024K, 1 young (1024K), 0 survivors (0K)
 Metaspace       used 16639K, capacity 16954K, committed 17152K, reserved 1064960K
  class space    used 2104K, capacity 2229K, committed 2304K, reserved 1048576K
}
Event: 409.483 GC heap after
{Heap after GC invocations=118 (full 43):
 garbage-first heap   total 266240K, used 78854K [0x0000000780000000, 0x00000007c0000000)
  region size 1024K, 0 young (0K), 0 survivors (0K)
 Metaspace       used 16639K, capacity 16954K, committed 17152K, reserved 1064960K
  class space    used 2104K, capacity 2229K, committed 2304K, reserved 1048576K
}
Event: 409.484 GC heap before
{Heap before GC invocations=118 (full 43):
 garbage-first heap   total 266240K, used 78854K [0x0000000780000000, 0x00000007c0000000)
  region size 1024K, 0 young (0K), 0 survivors (0K)
 Metaspace       used 16639K, capacity 16954K, committed 17152K, reserved 1064960K
  class space    used 2104K, capacity 2229K, committed 2304K, reserved 1048576K
}
Event: 409.515 GC heap after
{Heap after GC invocations=119 (full 44):
 garbage-first heap   total 266240K, used 78854K [0x0000000780000000, 0x00000007c0000000)
  region size 1024K, 0 young (0K), 0 survivors (0K)
 Metaspace       used 16639K, capacity 16954K, committed 17152K, reserved 1064960K
  class space    used 2104K, capacity 2229K, committed 2304K, reserved 1048576K
}
Event: 484.694 GC heap before
{Heap before GC invocations=119 (full 44):
 garbage-first heap   total 266240K, used 78854K [0x0000000780000000, 0x00000007c0000000)
  region size 1024K, 1 young (1024K), 0 survivors (0K)
 Metaspace       used 16639K, capacity 16954K, committed 17152K, reserved 1064960K
  class space    used 2104K, capacity 2229K, committed 2304K, reserved 1048576K
}
Event: 484.752 GC heap after
{Heap after GC invocations=120 (full 45):
 garbage-first heap   total 266240K, used 78854K [0x0000000780000000, 0x00000007c0000000)
  region size 1024K, 0 young (0K), 0 survivors (0K)
 Metaspace       used 16639K, capacity 16954K, committed 17152K, reserved 1064960K
  class space    used 2104K, capacity 2229K, committed 2304K, reserved 1048576K
}
Event: 484.753 GC heap before
{Heap before GC invocations=120 (full 45):
 garbage-first heap   total 266240K, used 78854K [0x0000000780000000, 0x00000007c0000000)
  region size 1024K, 0 young (0K), 0 survivors (0K)
 Metaspace       used 16639K, capacity 16954K, committed 17152K, reserved 1064960K
  class space    used 2104K, capacity 2229K, committed 2304K, reserved 1048576K
}
Event: 484.785 GC heap after
{Heap after GC invocations=121 (full 46):
 garbage-first heap   total 266240K, used 78854K [0x0000000780000000, 0x00000007c0000000)
  region size 1024K, 0 young (0K), 0 survivors (0K)
 Metaspace       used 16639K, capacity 16954K, committed 17152K, reserved 1064960K
  class space    used 2104K, capacity 2229K, committed 2304K, reserved 1048576K
}
Event: 553.623 GC heap before
{Heap before GC invocations=121 (full 46):
 garbage-first heap   total 266240K, used 78854K [0x0000000780000000, 0x00000007c0000000)
  region size 1024K, 1 young (1024K), 0 survivors (0K)
 Metaspace       used 16639K, capacity 16954K, committed 17152K, reserved 1064960K
  class space    used 2104K, capacity 2229K, committed 2304K, reserved 1048576K
}
Event: 553.665 GC heap after
{Heap after GC invocations=122 (full 47):
 garbage-first heap   total 266240K, used 78854K [0x0000000780000000, 0x00000007c0000000)
  region size 1024K, 0 young (0K), 0 survivors (0K)
 Metaspace       used 16639K, capacity 16954K, committed 17152K, reserved 1064960K
  class space    used 2104K, capacity 2229K, committed 2304K, reserved 1048576K
}
Event: 553.665 GC heap before
{Heap before GC invocations=122 (full 47):
 garbage-first heap   total 266240K, used 78854K [0x0000000780000000, 0x00000007c0000000)
  region size 1024K, 1 young (1024K), 0 survivors (0K)
 Metaspace       used 16639K, capacity 16954K, committed 17152K, reserved 1064960K
  class space    used 2104K, capacity 2229K, committed 2304K, reserved 1048576K
}
Event: 553.696 GC heap after
{Heap after GC invocations=123 (full 48):
 garbage-first heap   total 266240K, used 78854K [0x0000000780000000, 0x00000007c0000000)
  region size 1024K, 0 young (0K), 0 survivors (0K)
 Metaspace       used 16639K, capacity 16954K, committed 17152K, reserved 1064960K
  class space    used 2104K, capacity 2229K, committed 2304K, reserved 1048576K
}

