# JRE version: OpenJDK Runtime Environment Zulu15.46+17-CA (15.0.10+5) (build 15.0.10+5-MTS)
# Java VM: OpenJDK 64-Bit Server VM Zulu15.46+17-CA (15.0.10+5-MTS, mixed mode, tiered, compressed oops, g1 gc, bsd-aarch64)
GC Precious Log:
 CPUs: 8 total, 8 available
 Memory: 8192M
 Large Page Support: Disabled
 NUMA Support: Disabled
 Compressed Oops: Enabled (Zero based)
 Heap Region Size: 1M
 Heap Min Capacity: 8M
 Heap Initial Capacity: 128M
 Heap Max Capacity: 1G
 Pre-touch: Disabled
 Parallel Workers: 8
 Concurrent Workers: 2
 Concurrent Refinement Workers: 8
 Periodic GC: Disabled
Heap:
 garbage-first heap   total 261120K, used 78843K [0x0000000780000000, 0x00000007c0000000)
  region size 1024K, 1 young (1024K), 0 survivors (0K)
 Metaspace       used 16642K, capacity 16954K, committed 17152K, reserved 1064960K
  class space    used 2104K, capacity 2229K, committed 2304K, reserved 1048576K
GC Heap History (20 events):
Event: 10.308 GC heap before
{Heap before GC invocations=95 (full 12):
 garbage-first heap   total 261120K, used 227478K [0x0000000780000000, 0x00000007c0000000)
  region size 1024K, 146 young (149504K), 1 survivors (1024K)
 Metaspace       used 16642K, capacity 16954K, committed 17152K, reserved 1064960K
  class space    used 2104K, capacity 2229K, committed 2304K, reserved 1048576K
}
Event: 10.309 GC heap after
{Heap after GC invocations=96 (full 12):
 garbage-first heap   total 261120K, used 79686K [0x0000000780000000, 0x00000007c0000000)
  region size 1024K, 1 young (1024K), 1 survivors (1024K)
 Metaspace       used 16642K, capacity 16954K, committed 17152K, reserved 1064960K
  class space    used 2104K, capacity 2229K, committed 2304K, reserved 1048576K
}
Event: 10.438 GC heap before
{Heap before GC invocations=96 (full 12):
 garbage-first heap   total 261120K, used 228166K [0x0000000780000000, 0x00000007c0000000)
  region size 1024K, 146 young (149504K), 1 survivors (1024K)
 Metaspace       used 16642K, capacity 16954K, committed 17152K, reserved 1064960K
  class space    used 2104K, capacity 2229K, committed 2304K, reserved 1048576K
}
Event: 10.440 GC heap after
{Heap after GC invocations=97 (full 12):
 garbage-first heap   total 261120K, used 79776K [0x0000000780000000, 0x00000007c0000000)
  region size 1024K, 1 young (1024K), 1 survivors (1024K)
 Metaspace       used 16642K, capacity 16954K, committed 17152K, reserved 1064960K
  class space    used 2104K, capacity 2229K, committed 2304K, reserved 1048576K
}
Event: 10.581 GC heap before
{Heap before GC invocations=97 (full 12):
 garbage-first heap   total 261120K, used 227232K [0x0000000780000000, 0x00000007c0000000)
  region size 1024K, 145 young (148480K), 1 survivors (1024K)
 Metaspace       used 16642K, capacity 16954K, committed 17152K, reserved 1064960K
  class space    used 2104K, capacity 2229K, committed 2304K, reserved 1048576K
}
Event: 10.582 GC heap after
{Heap after GC invocations=98 (full 12):
 garbage-first heap   total 261120K, used 79116K [0x0000000780000000, 0x00000007c0000000)
  region size 1024K, 1 young (1024K), 1 survivors (1024K)
 Metaspace       used 16642K, capacity 16954K, committed 17152K, reserved 1064960K
  class space    used 2104K, capacity 2229K, committed 2304K, reserved 1048576K
}
Event: 10.758 GC heap before
{Heap before GC invocations=98 (full 12):
 garbage-first heap   total 261120K, used 227596K [0x0000000780000000, 0x00000007c0000000)
  region size 1024K, 146 young (149504K), 1 survivors (1024K)
 Metaspace       used 16642K, capacity 16954K, committed 17152K, reserved 1064960K
  class space    used 2104K, capacity 2229K, committed 2304K, reserved 1048576K
}
Event: 10.758 GC heap after
{Heap after GC invocations=99 (full 12):
 garbage-first heap   total 261120K, used 78927K [0x0000000780000000, 0x00000007c0000000)
  region size 1024K, 1 young (1024K), 1 survivors (1024K)
 Metaspace       used 16642K, capacity 16954K, committed 17152K, reserved 1064960K
  class space    used 2104K, capacity 2229K, committed 2304K, reserved 1048576K
}
Event: 13.828 GC heap before
{Heap before GC invocations=99 (full 12):
 garbage-first heap   total 261120K, used 86095K [0x0000000780000000, 0x00000007c0000000)
  region size 1024K, 9 young (9216K), 1 survivors (1024K)
 Metaspace       used 16642K, capacity 16954K, committed 17152K, reserved 1064960K
  class space    used 2104K, capacity 2229K, committed 2304K, reserved 1048576K
}
Event: 13.871 GC heap after
{Heap after GC invocations=100 (full 13):
 garbage-first heap   total 261120K, used 78842K [0x0000000780000000, 0x00000007c0000000)
  region size 1024K, 0 young (0K), 0 survivors (0K)
 Metaspace       used 16642K, capacity 16954K, committed 17152K, reserved 1064960K
  class space    used 2104K, capacity 2229K, committed 2304K, reserved 1048576K
}
Event: 13.958 GC heap before
{Heap before GC invocations=100 (full 13):
 garbage-first heap   total 261120K, used 78842K [0x0000000780000000, 0x00000007c0000000)
  region size 1024K, 1 young (1024K), 0 survivors (0K)
 Metaspace       used 16642K, capacity 16954K, committed 17152K, reserved 1064960K
  class space    used 2104K, capacity 2229K, committed 2304K, reserved 1048576K
}
Event: 13.992 GC heap after
{Heap after GC invocations=101 (full 14):
 garbage-first heap   total 261120K, used 78842K [0x0000000780000000, 0x00000007c0000000)
  region size 1024K, 0 young (0K), 0 survivors (0K)
 Metaspace       used 16642K, capacity 16954K, committed 17152K, reserved 1064960K
  class space    used 2104K, capacity 2229K, committed 2304K, reserved 1048576K
}
Event: 65.847 GC heap before
{Heap before GC invocations=101 (full 14):
 garbage-first heap   total 261120K, used 78842K [0x0000000780000000, 0x00000007c0000000)
  region size 1024K, 1 young (1024K), 0 survivors (0K)
 Metaspace       used 16642K, capacity 16954K, committed 17152K, reserved 1064960K
  class space    used 2104K, capacity 2229K, committed 2304K, reserved 1048576K
}
Event: 65.904 GC heap after
{Heap after GC invocations=102 (full 15):
 garbage-first heap   total 261120K, used 78842K [0x0000000780000000, 0x00000007c0000000)
  region size 1024K, 0 young (0K), 0 survivors (0K)
 Metaspace       used 16642K, capacity 16954K, committed 17152K, reserved 1064960K
  class space    used 2104K, capacity 2229K, committed 2304K, reserved 1048576K
}
Event: 66.046 GC heap before
{Heap before GC invocations=102 (full 15):
 garbage-first heap   total 261120K, used 78842K [0x0000000780000000, 0x00000007c0000000)
  region size 1024K, 1 young (1024K), 0 survivors (0K)
 Metaspace       used 16642K, capacity 16954K, committed 17152K, reserved 1064960K
  class space    used 2104K, capacity 2229K, committed 2304K, reserved 1048576K
}
Event: 66.079 GC heap after
{Heap after GC invocations=103 (full 16):
 garbage-first heap   total 261120K, used 78842K [0x0000000780000000, 0x00000007c0000000)
  region size 1024K, 0 young (0K), 0 survivors (0K)
 Metaspace       used 16642K, capacity 16954K, committed 17152K, reserved 1064960K
  class space    used 2104K, capacity 2229K, committed 2304K, reserved 1048576K
}
Event: 66.247 GC heap before
{Heap before GC invocations=103 (full 16):
 garbage-first heap   total 261120K, used 78842K [0x0000000780000000, 0x00000007c0000000)
  region size 1024K, 1 young (1024K), 0 survivors (0K)
 Metaspace       used 16642K, capacity 16954K, committed 17152K, reserved 1064960K
  class space    used 2104K, capacity 2229K, committed 2304K, reserved 1048576K
}
Event: 66.279 GC heap after
{Heap after GC invocations=104 (full 17):
 garbage-first heap   total 261120K, used 78843K [0x0000000780000000, 0x00000007c0000000)
  region size 1024K, 0 young (0K), 0 survivors (0K)
 Metaspace       used 16642K, capacity 16954K, committed 17152K, reserved 1064960K
  class space    used 2104K, capacity 2229K, committed 2304K, reserved 1048576K
}
Event: 66.526 GC heap before
{Heap before GC invocations=104 (full 17):
 garbage-first heap   total 261120K, used 79867K [0x0000000780000000, 0x00000007c0000000)
  region size 1024K, 2 young (2048K), 0 survivors (0K)
 Metaspace       used 16642K, capacity 16954K, committed 17152K, reserved 1064960K
  class space    used 2104K, capacity 2229K, committed 2304K, reserved 1048576K
}
Event: 66.561 GC heap after
{Heap after GC invocations=105 (full 18):
 garbage-first heap   total 261120K, used 78843K [0x0000000780000000, 0x00000007c0000000)
  region size 1024K, 0 young (0K), 0 survivors (0K)
 Metaspace       used 16642K, capacity 16954K, committed 17152K, reserved 1064960K
  class space    used 2104K, capacity 2229K, committed 2304K, reserved 1048576K
}

